<?xml version="1.0" encoding="UTF-8"?>
<!-- Generated by org.testng.reporters.JUnitReportReporter -->
<testsuite hostname="CELCIUS-2" failures="0" tests="1" name="com.celcius.wms_cel1.testcase_layer.LoginPageTest" time="5.056" errors="0" timestamp="2024-10-04T11:52:19 IST" skipped="0">
  <testcase classname="com.celcius.wms_cel1.testcase_layer.LoginPageTest" name="tc01_VerifyUiComponentOfLoginPage" time="5.056"/>
  <system-out/>
</testsuite> <!-- com.celcius.wms_cel1.testcase_layer.LoginPageTest -->
